Using pre-set license
Built from '2020.2/staging' branch; Version is '2020.2.6f1 (8a2143876886) revision 9052483'; Using compiler version '192528614'; Build Type 'Release'
OS: 'Windows 10 Pro; OS build 19041.1052; Version 2004; 64bit' Language: 'ko' Physical Memory: 8034 MB
BatchMode: 1, IsHumanControllingUs: 0, StartBugReporterOnCrash: 0, Is64bit: 1, IsPro: 0

 COMMAND LINE ARGUMENTS:
C:\Program Files\Unity\Hub\Editor\2020.2.6f1\Editor\Unity.exe
-adb2
-batchMode
-noUpm
-name
AssetImportWorker0
-projectPath
D:/unity2021/check
-logFile
Logs/AssetImportWorker0.log
-srvPort
57279
Successfully changed project path to: D:/unity2021/check
D:/unity2021/check
Using Asset Import Pipeline V2.
Refreshing native plugins compatible for Editor in 33.76 ms, found 0 plugins.
Preloading 0 native plugins for Editor in 0.00 ms.
Initialize engine version: 2020.2.6f1 (8a2143876886)
[Subsystems] Discovering subsystems at path C:/Program Files/Unity/Hub/Editor/2020.2.6f1/Editor/Data/Resources/UnitySubsystems
[Subsystems] Discovering subsystems at path D:/unity2021/check/Assets
GfxDevice: creating device client; threaded=0
Direct3D:
    Version:  Direct3D 11.0 [level 11.1]
    Renderer: Intel(R) HD Graphics 620 (ID=0x5916)
    Vendor:   
    VRAM:     4017 MB
    Driver:   21.20.16.4550
Initialize mono
Mono path[0] = 'C:/Program Files/Unity/Hub/Editor/2020.2.6f1/Editor/Data/Managed'
Mono path[1] = 'C:/Program Files/Unity/Hub/Editor/2020.2.6f1/Editor/Data/MonoBleedingEdge/lib/mono/unityjit'
Mono config path = 'C:/Program Files/Unity/Hub/Editor/2020.2.6f1/Editor/Data/MonoBleedingEdge/etc'
Using monoOptions --debugger-agent=transport=dt_socket,embedding=1,server=y,suspend=n,address=127.0.0.1:56552
Begin MonoManager ReloadAssembly
Registering precompiled unity dll's ...
Register platform support module: C:/Program Files/Unity/Hub/Editor/2020.2.6f1/Editor/Data/PlaybackEngines/WindowsStandaloneSupport/UnityEditor.WindowsStandalone.Extensions.dll
Registered in 0.010587 seconds.
Native extension for WindowsStandalone target not found
Refreshing native plugins compatible for Editor in 50.31 ms, found 0 plugins.
Preloading 0 native plugins for Editor in 0.00 ms.
Invoked RoslynAnalysisRunner static constructor.
RoslynAnalysisRunner will not be running.
RoslynAnalysisRunner has terminated.
Mono: successfully reloaded assembly
- Completed reload, in  4.827 seconds
Platform modules already initialized, skipping
Registering precompiled user dll's ...
Registered in 0.001572 seconds.
Begin MonoManager ReloadAssembly
Native extension for WindowsStandalone target not found
Refreshing native plugins compatible for Editor in 0.42 ms, found 0 plugins.
Preloading 0 native plugins for Editor in 0.00 ms.
Invoked RoslynAnalysisRunner static constructor.
RoslynAnalysisRunner will not be running.
RoslynAnalysisRunner has terminated.
Mono: successfully reloaded assembly
- Completed reload, in  1.981 seconds
Platform modules already initialized, skipping
========================================================================
Worker process is ready to serve import requests
Launched and connected shader compiler UnityShaderCompiler.exe after 0.15 seconds
Refreshing native plugins compatible for Editor in 0.37 ms, found 0 plugins.
Preloading 0 native plugins for Editor in 0.00 ms.
Unloading 1124 Unused Serialized files (Serialized files now loaded: 0)
System memory in use before: 75.1 MB.
System memory in use after: 75.2 MB.

Unloading 25 unused Assets to reduce memory usage. Loaded Objects now: 1571.
Total: 6.359900 ms (FindLiveObjects: 1.631100 ms CreateObjectMapping: 0.161100 ms MarkObjects: 4.386200 ms  DeleteObjects: 0.178100 ms)

========================================================================
Received Prepare
Registering precompiled user dll's ...
Registered in 0.001604 seconds.
Begin MonoManager ReloadAssembly
Native extension for WindowsStandalone target not found
Refreshing native plugins compatible for Editor in 0.26 ms, found 0 plugins.
Preloading 0 native plugins for Editor in 0.00 ms.
Invoked RoslynAnalysisRunner static constructor.
RoslynAnalysisRunner will not be running.
RoslynAnalysisRunner has terminated.
Mono: successfully reloaded assembly
- Completed reload, in  1.527 seconds
Platform modules already initialized, skipping
Refreshing native plugins compatible for Editor in 0.42 ms, found 0 plugins.
Preloading 0 native plugins for Editor in 0.00 ms.
Unloading 1098 Unused Serialized files (Serialized files now loaded: 0)
System memory in use before: 74.3 MB.
System memory in use after: 74.3 MB.

Unloading 5 unused Assets to reduce memory usage. Loaded Objects now: 1573.
Total: 3.594400 ms (FindLiveObjects: 0.245300 ms CreateObjectMapping: 0.087500 ms MarkObjects: 3.139100 ms  DeleteObjects: 0.120100 ms)

========================================================================
Received Prepare
Registering precompiled user dll's ...
Registered in 0.002058 seconds.
Begin MonoManager ReloadAssembly
Native extension for WindowsStandalone target not found
Refreshing native plugins compatible for Editor in 0.34 ms, found 0 plugins.
Preloading 0 native plugins for Editor in 0.00 ms.
Invoked RoslynAnalysisRunner static constructor.
RoslynAnalysisRunner will not be running.
RoslynAnalysisRunner has terminated.
Mono: successfully reloaded assembly
- Completed reload, in  1.413 seconds
Platform modules already initialized, skipping
Refreshing native plugins compatible for Editor in 0.46 ms, found 0 plugins.
Preloading 0 native plugins for Editor in 0.00 ms.
Unloading 1111 Unused Serialized files (Serialized files now loaded: 0)
System memory in use before: 74.6 MB.
System memory in use after: 74.7 MB.

Unloading 5 unused Assets to reduce memory usage. Loaded Objects now: 1588.
Total: 3.814900 ms (FindLiveObjects: 0.282200 ms CreateObjectMapping: 0.092000 ms MarkObjects: 3.315400 ms  DeleteObjects: 0.122600 ms)

========================================================================
Received Import Request.
  path: Assets/Script
  artifactKey: Guid(5e721cf8b15d79042aa53c8008445393) Importer(815301076,1909f56bfc062723c751e8b465ee728b)
Start importing Assets/Script using Guid(5e721cf8b15d79042aa53c8008445393) Importer(815301076,1909f56bfc062723c751e8b465ee728b)  -> (artifact id: '8dd120151973df0d463b85234b8c4f8a') in 0.010013 seconds
  Import took 0.018640 seconds .

========================================================================
Received Import Request.
  Time since last request: 0.003065 seconds.
  path: Assets/Script
  artifactKey: Guid(5e721cf8b15d79042aa53c8008445393) Importer(815301076,1909f56bfc062723c751e8b465ee728b)
Start importing Assets/Script using Guid(5e721cf8b15d79042aa53c8008445393) Importer(815301076,1909f56bfc062723c751e8b465ee728b)  -> (artifact id: '8dd120151973df0d463b85234b8c4f8a') in 0.005660 seconds
  Import took 0.008534 seconds .

========================================================================
Received Import Request.
  Time since last request: 3.588856 seconds.
  path: Assets/Script/ItemGenerator.cs
  artifactKey: Guid(fc56b6e22467b6b459b9809c623d00d5) Importer(815301076,1909f56bfc062723c751e8b465ee728b)
Start importing Assets/Script/ItemGenerator.cs using Guid(fc56b6e22467b6b459b9809c623d00d5) Importer(815301076,1909f56bfc062723c751e8b465ee728b)  -> (artifact id: '6c0687039b216de781e74bdfe82bba27') in 0.083035 seconds
  Import took 0.086663 seconds .

========================================================================
Received Import Request.
  Time since last request: 0.001807 seconds.
  path: Assets/Script/ItemGenerator.cs
  artifactKey: Guid(fc56b6e22467b6b459b9809c623d00d5) Importer(815301076,1909f56bfc062723c751e8b465ee728b)
Start importing Assets/Script/ItemGenerator.cs using Guid(fc56b6e22467b6b459b9809c623d00d5) Importer(815301076,1909f56bfc062723c751e8b465ee728b)  -> (artifact id: '6c0687039b216de781e74bdfe82bba27') in 0.006943 seconds
  Import took 0.010653 seconds .

========================================================================
Received Import Request.
  Time since last request: 1.219456 seconds.
  path: Assets/Script/ItemGenerator2.cs
  artifactKey: Guid(fef722d9c78f60640984128b251ea6c6) Importer(815301076,1909f56bfc062723c751e8b465ee728b)
Start importing Assets/Script/ItemGenerator2.cs using Guid(fef722d9c78f60640984128b251ea6c6) Importer(815301076,1909f56bfc062723c751e8b465ee728b)  -> (artifact id: 'f8afbd991293ccafcc4e75654f2e58fa') in 0.006560 seconds
  Import took 0.009416 seconds .

========================================================================
Received Import Request.
  Time since last request: 1.965790 seconds.
  path: Assets/Script/ItemController.cs
  artifactKey: Guid(6f20a887c77ffd14493e5a13cda96290) Importer(815301076,1909f56bfc062723c751e8b465ee728b)
Start importing Assets/Script/ItemController.cs using Guid(6f20a887c77ffd14493e5a13cda96290) Importer(815301076,1909f56bfc062723c751e8b465ee728b)  -> (artifact id: 'c630baa160053dc489b3988b3d1b4d40') in 0.007916 seconds
  Import took 0.011355 seconds .

========================================================================
Received Import Request.
  Time since last request: 12.753446 seconds.
  path: Assets/Script/GameDirector.cs
  artifactKey: Guid(b826105bee22a04468c5023c578880df) Importer(815301076,1909f56bfc062723c751e8b465ee728b)
Start importing Assets/Script/GameDirector.cs using Guid(b826105bee22a04468c5023c578880df) Importer(815301076,1909f56bfc062723c751e8b465ee728b)  -> (artifact id: 'e24cffae30cac9f4683b9379f2ed176b') in 0.007083 seconds
  Import took 0.016366 seconds .

========================================================================
Received Prepare
Registering precompiled user dll's ...
Registered in 0.005449 seconds.
Begin MonoManager ReloadAssembly
Native extension for WindowsStandalone target not found
Refreshing native plugins compatible for Editor in 0.43 ms, found 0 plugins.
Preloading 0 native plugins for Editor in 0.00 ms.
Invoked RoslynAnalysisRunner static constructor.
RoslynAnalysisRunner will not be running.
RoslynAnalysisRunner has terminated.
Mono: successfully reloaded assembly
- Completed reload, in  1.731 seconds
Platform modules already initialized, skipping
Refreshing native plugins compatible for Editor in 0.53 ms, found 0 plugins.
Preloading 0 native plugins for Editor in 0.00 ms.
Unloading 1111 Unused Serialized files (Serialized files now loaded: 0)
System memory in use before: 74.7 MB.
System memory in use after: 74.8 MB.

Unloading 5 unused Assets to reduce memory usage. Loaded Objects now: 1590.
Total: 3.655700 ms (FindLiveObjects: 0.270500 ms CreateObjectMapping: 0.099200 ms MarkObjects: 3.147300 ms  DeleteObjects: 0.110300 ms)

========================================================================
Received Prepare
Registering precompiled user dll's ...
Registered in 0.001315 seconds.
Begin MonoManager ReloadAssembly
Native extension for WindowsStandalone target not found
Refreshing native plugins compatible for Editor in 0.27 ms, found 0 plugins.
Preloading 0 native plugins for Editor in 0.00 ms.
Invoked RoslynAnalysisRunner static constructor.
RoslynAnalysisRunner will not be running.
RoslynAnalysisRunner has terminated.
Mono: successfully reloaded assembly
- Completed reload, in  1.399 seconds
Platform modules already initialized, skipping
Refreshing native plugins compatible for Editor in 0.45 ms, found 0 plugins.
Preloading 0 native plugins for Editor in 0.00 ms.
Unloading 1111 Unused Serialized files (Serialized files now loaded: 0)
System memory in use before: 74.7 MB.
System memory in use after: 74.8 MB.

Unloading 5 unused Assets to reduce memory usage. Loaded Objects now: 1592.
Total: 2.484300 ms (FindLiveObjects: 0.310400 ms CreateObjectMapping: 0.088800 ms MarkObjects: 1.983000 ms  DeleteObjects: 0.100100 ms)

========================================================================
Received Import Request.
  Time since last request: 54.384574 seconds.
  path: Assets/Animation
  artifactKey: Guid(8880646b9b6b51143a8ed095fbec1291) Importer(815301076,1909f56bfc062723c751e8b465ee728b)
Start importing Assets/Animation using Guid(8880646b9b6b51143a8ed095fbec1291) Importer(815301076,1909f56bfc062723c751e8b465ee728b)  -> (artifact id: 'ddef4e04234afcb4e2f262f6ae9af4ad') in 0.011707 seconds
  Import took 0.021557 seconds .

========================================================================
Received Prepare
Registering precompiled user dll's ...
Registered in 0.001390 seconds.
Begin MonoManager ReloadAssembly
Native extension for WindowsStandalone target not found
Refreshing native plugins compatible for Editor in 0.21 ms, found 0 plugins.
Preloading 0 native plugins for Editor in 0.00 ms.
Invoked RoslynAnalysisRunner static constructor.
RoslynAnalysisRunner will not be running.
RoslynAnalysisRunner has terminated.
Mono: successfully reloaded assembly
- Completed reload, in  1.175 seconds
Platform modules already initialized, skipping
Refreshing native plugins compatible for Editor in 0.35 ms, found 0 plugins.
Preloading 0 native plugins for Editor in 0.00 ms.
Unloading 1098 Unused Serialized files (Serialized files now loaded: 0)
System memory in use before: 74.4 MB.
System memory in use after: 74.5 MB.

Unloading 18 unused Assets to reduce memory usage. Loaded Objects now: 1581.
Total: 4.032700 ms (FindLiveObjects: 0.272900 ms CreateObjectMapping: 0.073600 ms MarkObjects: 3.379500 ms  DeleteObjects: 0.304000 ms)

AssetImportWorkerClient::OnTransportError - code=2 error=End of file
