Using pre-set license
Built from '2020.2/staging' branch; Version is '2020.2.6f1 (8a2143876886) revision 9052483'; Using compiler version '192528614'; Build Type 'Release'
OS: 'Windows 10 Pro; OS build 19041.1052; Version 2004; 64bit' Language: 'ko' Physical Memory: 8034 MB
BatchMode: 1, IsHumanControllingUs: 0, StartBugReporterOnCrash: 0, Is64bit: 1, IsPro: 0

 COMMAND LINE ARGUMENTS:
C:\Program Files\Unity\Hub\Editor\2020.2.6f1\Editor\Unity.exe
-adb2
-batchMode
-noUpm
-name
AssetImportWorker0
-projectPath
D:/unity2021/check
-logFile
Logs/AssetImportWorker0.log
-srvPort
49805
Successfully changed project path to: D:/unity2021/check
D:/unity2021/check
Using Asset Import Pipeline V2.
Refreshing native plugins compatible for Editor in 30.11 ms, found 0 plugins.
Preloading 0 native plugins for Editor in 0.00 ms.
Initialize engine version: 2020.2.6f1 (8a2143876886)
[Subsystems] Discovering subsystems at path C:/Program Files/Unity/Hub/Editor/2020.2.6f1/Editor/Data/Resources/UnitySubsystems
[Subsystems] Discovering subsystems at path D:/unity2021/check/Assets
GfxDevice: creating device client; threaded=0
Direct3D:
    Version:  Direct3D 11.0 [level 11.1]
    Renderer: Intel(R) HD Graphics 620 (ID=0x5916)
    Vendor:   
    VRAM:     4017 MB
    Driver:   21.20.16.4550
Initialize mono
Mono path[0] = 'C:/Program Files/Unity/Hub/Editor/2020.2.6f1/Editor/Data/Managed'
Mono path[1] = 'C:/Program Files/Unity/Hub/Editor/2020.2.6f1/Editor/Data/MonoBleedingEdge/lib/mono/unityjit'
Mono config path = 'C:/Program Files/Unity/Hub/Editor/2020.2.6f1/Editor/Data/MonoBleedingEdge/etc'
Using monoOptions --debugger-agent=transport=dt_socket,embedding=1,server=y,suspend=n,address=127.0.0.1:56596
Begin MonoManager ReloadAssembly
Registering precompiled unity dll's ...
Register platform support module: C:/Program Files/Unity/Hub/Editor/2020.2.6f1/Editor/Data/PlaybackEngines/WindowsStandaloneSupport/UnityEditor.WindowsStandalone.Extensions.dll
Registered in 0.007912 seconds.
Native extension for WindowsStandalone target not found
Refreshing native plugins compatible for Editor in 50.65 ms, found 0 plugins.
Preloading 0 native plugins for Editor in 0.00 ms.
Invoked RoslynAnalysisRunner static constructor.
RoslynAnalysisRunner will not be running.
RoslynAnalysisRunner has terminated.
Mono: successfully reloaded assembly
- Completed reload, in  4.426 seconds
Platform modules already initialized, skipping
Registering precompiled user dll's ...
Registered in 0.001311 seconds.
Begin MonoManager ReloadAssembly
Native extension for WindowsStandalone target not found
Refreshing native plugins compatible for Editor in 0.24 ms, found 0 plugins.
Preloading 0 native plugins for Editor in 0.00 ms.
Invoked RoslynAnalysisRunner static constructor.
RoslynAnalysisRunner will not be running.
RoslynAnalysisRunner has terminated.
Mono: successfully reloaded assembly
- Completed reload, in  1.541 seconds
Platform modules already initialized, skipping
========================================================================
Worker process is ready to serve import requests
Launched and connected shader compiler UnityShaderCompiler.exe after 0.11 seconds
Refreshing native plugins compatible for Editor in 0.41 ms, found 0 plugins.
Preloading 0 native plugins for Editor in 0.00 ms.
Unloading 1103 Unused Serialized files (Serialized files now loaded: 0)
System memory in use before: 72.9 MB.
System memory in use after: 72.9 MB.

Unloading 10 unused Assets to reduce memory usage. Loaded Objects now: 1563.
Total: 3.876100 ms (FindLiveObjects: 0.480600 ms CreateObjectMapping: 0.135700 ms MarkObjects: 3.100700 ms  DeleteObjects: 0.155500 ms)

========================================================================
Received Prepare
Registering precompiled user dll's ...
Registered in 0.001765 seconds.
Begin MonoManager ReloadAssembly
Native extension for WindowsStandalone target not found
Refreshing native plugins compatible for Editor in 0.28 ms, found 0 plugins.
Preloading 0 native plugins for Editor in 0.00 ms.
Invoked RoslynAnalysisRunner static constructor.
RoslynAnalysisRunner will not be running.
RoslynAnalysisRunner has terminated.
Mono: successfully reloaded assembly
- Completed reload, in  1.281 seconds
Platform modules already initialized, skipping
Refreshing native plugins compatible for Editor in 0.46 ms, found 0 plugins.
Preloading 0 native plugins for Editor in 0.00 ms.
Unloading 1118 Unused Serialized files (Serialized files now loaded: 0)
System memory in use before: 74.9 MB.
System memory in use after: 73.9 MB.

Unloading 11 unused Assets to reduce memory usage. Loaded Objects now: 1580.
Total: 5.146800 ms (FindLiveObjects: 0.265100 ms CreateObjectMapping: 0.097300 ms MarkObjects: 3.225600 ms  DeleteObjects: 1.555700 ms)

========================================================================
Received Import Request.
  path: Assets/NewLayer 1.terrainlayer
  artifactKey: Guid(95051e65f2f217c49af93be130c293cf) Importer(815301076,1909f56bfc062723c751e8b465ee728b)
Start importing Assets/NewLayer 1.terrainlayer using Guid(95051e65f2f217c49af93be130c293cf) Importer(815301076,1909f56bfc062723c751e8b465ee728b)  -> (artifact id: 'e6f34a5de6a8c15c40ae34bde9734f96') in 0.169509 seconds
  Import took 0.172125 seconds .

========================================================================
Received Import Request.
  Time since last request: 2.797793 seconds.
  path: Assets/Scenes
  artifactKey: Guid(bc90c5fcda158ca4989bda48b83e9d68) Importer(815301076,1909f56bfc062723c751e8b465ee728b)
Start importing Assets/Scenes using Guid(bc90c5fcda158ca4989bda48b83e9d68) Importer(815301076,1909f56bfc062723c751e8b465ee728b)  -> (artifact id: '97adc1fe30de91d400362dd43de46d10') in 0.004539 seconds
  Import took 0.006932 seconds .

========================================================================
Received Import Request.
  Time since last request: 0.010954 seconds.
  path: Assets/Scenes
  artifactKey: Guid(bc90c5fcda158ca4989bda48b83e9d68) Importer(815301076,1909f56bfc062723c751e8b465ee728b)
Start importing Assets/Scenes using Guid(bc90c5fcda158ca4989bda48b83e9d68) Importer(815301076,1909f56bfc062723c751e8b465ee728b)  -> (artifact id: '97adc1fe30de91d400362dd43de46d10') in 0.006040 seconds
  Import took 0.012541 seconds .

========================================================================
Received Import Request.
  Time since last request: 0.592217 seconds.
  path: Assets/Script
  artifactKey: Guid(5e721cf8b15d79042aa53c8008445393) Importer(815301076,1909f56bfc062723c751e8b465ee728b)
Start importing Assets/Script using Guid(5e721cf8b15d79042aa53c8008445393) Importer(815301076,1909f56bfc062723c751e8b465ee728b)  -> (artifact id: '8dd120151973df0d463b85234b8c4f8a') in 0.007218 seconds
  Import took 0.011689 seconds .

========================================================================
Received Import Request.
  Time since last request: 4.252963 seconds.
  path: Assets/Scenes/GameScene.unity
  artifactKey: Guid(b65703705db75c34c91be4379d2001d8) Importer(815301076,1909f56bfc062723c751e8b465ee728b)
Start importing Assets/Scenes/GameScene.unity using Guid(b65703705db75c34c91be4379d2001d8) Importer(815301076,1909f56bfc062723c751e8b465ee728b)  -> (artifact id: '0c6cbe145bc971e2489fc7d300a7579d') in 0.006328 seconds
  Import took 0.010270 seconds .

========================================================================
Received Prepare
Registering precompiled user dll's ...
Registered in 0.001799 seconds.
Begin MonoManager ReloadAssembly
Native extension for WindowsStandalone target not found
Refreshing native plugins compatible for Editor in 0.24 ms, found 0 plugins.
Preloading 0 native plugins for Editor in 0.00 ms.
Invoked RoslynAnalysisRunner static constructor.
RoslynAnalysisRunner will not be running.
RoslynAnalysisRunner has terminated.
Mono: successfully reloaded assembly
- Completed reload, in  1.053 seconds
Platform modules already initialized, skipping
Refreshing native plugins compatible for Editor in 0.39 ms, found 0 plugins.
Preloading 0 native plugins for Editor in 0.00 ms.
Unloading 1117 Unused Serialized files (Serialized files now loaded: 0)
System memory in use before: 77.9 MB.
System memory in use after: 76.9 MB.

Unloading 11 unused Assets to reduce memory usage. Loaded Objects now: 1587.
Total: 4.481600 ms (FindLiveObjects: 0.234100 ms CreateObjectMapping: 0.069000 ms MarkObjects: 2.889600 ms  DeleteObjects: 1.286800 ms)

AssetImportWorkerClient::OnTransportError - code=2 error=End of file
